------------------N = 1------------------
        Los resultados coinciden:
        Tiempo en GPU 0.00044668700047623133
        Tiempo en CPU: 4.9682000280881766e-05
        La GPU es un 11.1% mas rapida
------------------N = 100------------------
        Los resultados coinciden:
        Tiempo en GPU 0.00012892499944427982
        Tiempo en CPU: 2.4683999981789384e-05
        La GPU es un 19.1% mas rapida
------------------N = 10000------------------
        Los resultados coinciden:
        Tiempo en GPU 0.00013271799980429932
        Tiempo en CPU: 0.00031606100037606666
        La GPU es un 238.1% mas rapida
------------------N = 1000000------------------
        Los resultados coinciden:
        Tiempo en GPU 0.0033975989999817102
        Tiempo en CPU: 0.031145410999670275
        La GPU es un 916.7% mas rapida
------------------N = 100000000------------------
        Los resultados coinciden:
        Tiempo en GPU 0.26329770699976507
        Tiempo en CPU: 2.8926681190005183
        La GPU es un 1098.6% mas rapida
