\BOOKMARK [0][-]{titulo.0}{\376\377\000P\000\341\000g\000i\000n\000a\000\040\000d\000e\000\040\000T\000\355\000t\000u\000l\000o}{}% 1
\BOOKMARK [0][-]{chapter.3}{\376\377\000I\000n\000t\000r\000o\000d\000u\000c\000c\000i\000\363\000n}{}% 2
\BOOKMARK [1][-]{section.4}{\376\377\000M\000o\000t\000i\000v\000a\000c\000i\000\363\000n}{chapter.3}% 3
\BOOKMARK [1][-]{section.5}{\376\377\000O\000b\000j\000e\000t\000i\000v\000o\000s}{chapter.3}% 4
\BOOKMARK [1][-]{section.6}{\376\377\000N\000o\000c\000i\000o\000n\000e\000s\000\040\000g\000e\000n\000e\000r\000a\000l\000e\000s}{chapter.3}% 5
\BOOKMARK [2][-]{subsection.7}{\376\377\000N\000o\000t\000a\000c\000i\000\363\000n}{section.6}% 6
\BOOKMARK [1][-]{section.8}{\376\377\000P\000l\000a\000n\000\040\000d\000e\000\040\000t\000r\000a\000b\000a\000j\000o}{chapter.3}% 7
\BOOKMARK [0][-]{chapter.10}{\376\377\000C\000o\000m\000p\000u\000t\000a\000c\000i\000\363\000n\000\040\000e\000n\000\040\000G\000P\000U\000\040\000c\000o\000n\000\040\000C\000U\000D\000A\000\040\000y\000\040\000p\000y\000c\000u\000d\000a}{}% 8
\BOOKMARK [1][-]{section.11}{\376\377\000B\000a\000s\000e\000s\000\040\000d\000e\000\040\000l\000a\000\040\000p\000r\000o\000g\000r\000a\000m\000a\000c\000i\000\363\000n\000\040\000e\000n\000\040\000G\000P\000U}{chapter.10}% 9
\BOOKMARK [1][-]{section.13}{\376\377\000P\000r\000o\000g\000r\000a\000m\000a\000c\000i\000\363\000n\000\040\000e\000n\000\040\000p\000y\000c\000u\000d\000a}{chapter.10}% 10
\BOOKMARK [1][-]{section.16}{\376\377\000P\000r\000o\000g\000r\000a\000m\000a\000c\000i\000\363\000n\000\040\000e\000n\000\040\000C\000U\000D\000A}{chapter.10}% 11
\BOOKMARK [2][-]{subsection.17}{\376\377\000G\000e\000s\000t\000i\000\363\000n\000\040\000d\000e\000\040\000m\000e\000m\000o\000r\000i\000a}{section.16}% 12
\BOOKMARK [2][-]{subsection.18}{\376\377\000H\000i\000l\000o\000s\000\040\000y\000\040\000b\000l\000o\000q\000u\000e\000s}{section.16}% 13
\BOOKMARK [1][-]{section.22}{\376\377\000E\000j\000e\000m\000p\000l\000o\000s}{chapter.10}% 14
\BOOKMARK [2][-]{subsection.23}{\376\377\000H\000o\000l\000a\000\040\000M\000u\000n\000d\000o}{section.22}% 15
\BOOKMARK [2][-]{subsection.24}{\376\377\000S\000u\000m\000a\000\040\000d\000e\000\040\000v\000e\000c\000t\000o\000r\000e\000s}{section.22}% 16
\BOOKMARK [0][-]{chapter.26}{\376\377\000E\000c\000u\000a\000c\000i\000\363\000n\000\040\000d\000e\000l\000\040\000c\000a\000l\000o\000r}{}% 17
\BOOKMARK [1][-]{section.27}{\376\377\000I\000n\000t\000r\000o\000d\000u\000c\000c\000i\000\363\000n}{chapter.26}% 18
\BOOKMARK [1][-]{section.28}{\376\377\000C\000a\000s\000o\000\040\000l\000i\000n\000e\000a\000l}{chapter.26}% 19
\BOOKMARK [2][-]{subsection.31}{\376\377\000E\000x\000i\000s\000t\000e\000n\000c\000i\000a\000\040\000y\000\040\000u\000n\000i\000c\000i\000d\000a\000d}{section.28}% 20
\BOOKMARK [2][-]{subsection.38}{\376\377\000A\000p\000r\000o\000x\000i\000m\000a\000c\000i\000\363\000n\000\040\000d\000e\000\040\000l\000a\000\040\000s\000o\000l\000u\000c\000i\000\363\000n}{section.28}% 21
\BOOKMARK [0][-]{chapter*.39}{\376\377\000B\000i\000b\000l\000i\000o\000g\000r\000a\000f\000\355\000a}{}% 22
\BOOKMARK [0][-]{appendix.40}{\376\377\000C\000\363\000d\000i\000g\000o}{}% 23
\BOOKMARK [0][-]{fin.0}{\376\377\000F\000i\000n}{}% 24
